<?xml version="1.0" encoding="UTF-8"?>
<!-- Generated by org.testng.reporters.JUnitReportReporter -->
<testsuite hostname="XYZ" failures="0" tests="2" name="com.runner.runner1" time="27.710" errors="0" timestamp="2020-06-10T01:36:39 IST" skipped="0">
  <testcase classname="com.runner.runner1" name="runScenario" time="13.940"/>
  <testcase classname="com.runner.runner1" name="runScenario" time="13.770"/>
</testsuite> <!-- com.runner.runner1 -->
